<html>
<body>
<pre>
<h1>µVision Build Log</h1>
<h2>Tool Versions:</h2>
IDE-Version: ¦ÌVision V5.32.0.0
Copyright (C) 2020 ARM Ltd and ARM Germany GmbH. All rights reserved.
License Information: 1 870899530@qq.com, 1, LIC=MPPLD-8AJTF-BS0YX-HNSZT-MS34G-3YY74
 
Tool Versions:
Toolchain:       MDK-ARM Plus  Version: 5.32.0.0
Toolchain Path:  D:\Software\Keil\Keil_v5\ARM\ARMCC\Bin
C Compiler:      Armcc.exe V5.06 update 7 (build 960)
Assembler:       Armasm.exe V5.06 update 7 (build 960)
Linker/Locator:  ArmLink.exe V5.06 update 7 (build 960)
Library Manager: ArmAr.exe V5.06 update 7 (build 960)
Hex Converter:   FromElf.exe V5.06 update 7 (build 960)
CPU DLL:         SARMCM3.DLL V5.32.0.0
Dialog DLL:      DCM.DLL V1.17.3.0
Target DLL:      Segger\JL2CM3.dll V2.99.38.0
Dialog DLL:      TCM.DLL V1.46.0.0
 
<h2>Project:</h2>
E:\stm32CubeMXproject\BCU_debug\MDK-ARM\BCU_debug.uvprojx
Project File Date:  12/22/2025

<h2>Output:</h2>
*** Using Compiler 'V5.06 update 7 (build 960)', folder: 'D:\Software\Keil\Keil_v5\ARM\ARMCC\Bin'
Build target 'BCU_debug'
compiling main.c...
compiling fdcan.c...
compiling SysManage.c...
..\User\App\SysManage.c(204): error:  #136: struct "<unnamed>"  has no field "PCS_Status_t"
      if(Sys_info.PCS_Status_t ==  )
..\User\App\SysManage.c(204): error:  #29: expected an expression
      if(Sys_info.PCS_Status_t ==  )
..\User\App\SysManage.c(209): error:  #127: expected a statement
  }
..\User\App\SysManage.c: 0 warnings, 3 errors
compiling DO.c...
compiling CommLAN_1.c...
compiling DI.c...
compiling AD.c...
compiling Comm485.c...
..\User\App\Comm485.c(133): warning:  #177-D: function "Comm_485_Write_Pro"  was declared but never referenced
  static void Comm_485_Write_Pro(uint8_t port, uint8_t *tx_buff, uint8_t *rx_buff)
..\User\App\Comm485.c: 1 warning, 0 errors
compiling CommCAN.c...
compiling freertos.c...
compiling CommLAN_2.c...
compiling ModbusTCP_Slave.c...
compiling ModbusTCP_Client.c...
compiling ProtocolNode.c...
compiling usart.c...
compiling ProtocolConvert.c...
compiling Protocol_HongHaiSheng_Fire.c...
compiling Protocol_n9_PCS.c...
compiling NTCTable.c...
"BCU_debug\BCU_debug.axf" - 3 Error(s), 1 Warning(s).

<h2>Software Packages used:</h2>

Package Vendor: ARM
                http://www.keil.com/pack/ARM.CMSIS.5.7.0.pack
                ARM.CMSIS.5.7.0
                CMSIS (Cortex Microcontroller Software Interface Standard)
   * Component: CORE Version: 5.4.0

Package Vendor: Keil
                https://www.keil.com/pack/Keil.STM32H7xx_DFP.3.1.1.pack
                Keil.STM32H7xx_DFP.3.1.1
                STMicroelectronics STM32H7 Series Device Support and Examples

<h2>Collection of Component include folders:</h2>
  .\RTE\_BCU_debug
  D:\Software\Keil\Arm\Packs\ARM\CMSIS\5.7.0\CMSIS\Core\Include
  D:\Software\Keil\Arm\Packs\Keil\STM32H7xx_DFP\3.1.1\Drivers\CMSIS\Device\ST\STM32H7xx\Include

<h2>Collection of Component Files used:</h2>

   * Component: ARM::CMSIS:CORE:5.4.0
      Include file:  CMSIS\Core\Include\tz_context.h
Target not created.
Build Time Elapsed:  00:00:02
</pre>
</body>
</html>
